2025-06-24 16:26:15 - virtualhome_eval.evaluation.goal_interpretation.scripts.generate_prompts - CURRENT TASK IS Wash clothes!
2025-06-24 16:26:16 - virtualhome_eval.evaluation.goal_interpretation.scripts.generate_prompts - CURRENT TASK IS Turn on light!
2025-06-24 16:26:18 - virtualhome_eval.evaluation.goal_interpretation.scripts.generate_prompts - CURRENT TASK IS Brush teeth!
2025-06-24 16:26:18 - virtualhome_eval.evaluation.goal_interpretation.scripts.generate_prompts - CURRENT TASK IS Write an email!
2025-06-24 16:26:19 - virtualhome_eval.evaluation.goal_interpretation.scripts.generate_prompts - CURRENT TASK IS Put groceries in Fridge!
2025-06-24 16:26:20 - virtualhome_eval.evaluation.goal_interpretation.scripts.generate_prompts - CURRENT TASK IS Go to toilet!
2025-06-24 16:26:20 - virtualhome_eval.evaluation.goal_interpretation.scripts.generate_prompts - CURRENT TASK IS Change TV channel!
2025-06-24 16:26:20 - virtualhome_eval.evaluation.goal_interpretation.scripts.generate_prompts - CURRENT TASK IS Work!
2025-06-24 16:26:22 - virtualhome_eval.evaluation.goal_interpretation.scripts.generate_prompts - CURRENT TASK IS Wash dishes with dishwasher!
2025-06-24 16:26:23 - virtualhome_eval.evaluation.goal_interpretation.scripts.generate_prompts - CURRENT TASK IS Go to sleep!
2025-06-24 16:26:24 - virtualhome_eval.evaluation.goal_interpretation.scripts.generate_prompts - CURRENT TASK IS Wash hands!
2025-06-24 16:26:25 - virtualhome_eval.evaluation.goal_interpretation.scripts.generate_prompts - CURRENT TASK IS Pet cat!
2025-06-24 16:26:26 - virtualhome_eval.evaluation.goal_interpretation.scripts.generate_prompts - CURRENT TASK IS Browse internet!
2025-06-24 16:26:27 - virtualhome_eval.evaluation.goal_interpretation.scripts.generate_prompts - CURRENT TASK IS Wash teeth!
2025-06-24 16:26:27 - virtualhome_eval.evaluation.goal_interpretation.scripts.generate_prompts - CURRENT TASK IS Listen to music!
2025-06-24 16:26:28 - virtualhome_eval.evaluation.goal_interpretation.scripts.generate_prompts - CURRENT TASK IS Watch TV!
2025-06-24 16:26:29 - virtualhome_eval.evaluation.goal_interpretation.scripts.generate_prompts - CURRENT TASK IS Drink!
2025-06-24 16:26:31 - virtualhome_eval.evaluation.goal_interpretation.scripts.generate_prompts - CURRENT TASK IS Read book!
2025-06-24 16:26:32 - virtualhome_eval.evaluation.goal_interpretation.scripts.generate_prompts - CURRENT TASK IS Cook some food!
2025-06-24 16:26:33 - virtualhome_eval.evaluation.goal_interpretation.scripts.generate_prompts - CURRENT TASK IS Relax on sofa!
2025-06-24 16:26:35 - virtualhome_eval.evaluation.goal_interpretation.scripts.generate_prompts - CURRENT TASK IS Pick up phone!
2025-06-24 16:26:36 - virtualhome_eval.evaluation.goal_interpretation.scripts.generate_prompts - CURRENT TASK IS Make coffee!
2025-06-24 16:26:37 - virtualhome_eval.evaluation.goal_interpretation.scripts.generate_prompts - CURRENT TASK IS Set up table!
2025-06-24 16:26:37 - virtualhome_eval.evaluation.goal_interpretation.scripts.generate_prompts - CURRENT TASK IS Get some water!
2025-06-24 16:26:37 - virtualhome_eval.evaluation.goal_interpretation.scripts.generate_prompts - CURRENT TASK IS Take shower!
2025-06-24 16:26:37 - virtualhome_eval.evaluation.goal_interpretation.scripts.generate_prompts - CURRENT TASK IS Wash dishes by hand!
