2025-06-24 17:07:50 - virtualhome_eval.simulation.evolving_graph.eval_utils - CURRENT TASK IS Wash clothes!
2025-06-24 17:07:50 - virtualhome_eval.simulation.evolving_graph.eval_utils - CURRENT TASK IS Turn on light!
2025-06-24 17:07:50 - virtualhome_eval.simulation.evolving_graph.eval_utils - CURRENT TASK IS Brush teeth!
2025-06-24 17:07:50 - virtualhome_eval.simulation.evolving_graph.eval_utils - CURRENT TASK IS Write an email!
2025-06-24 17:07:50 - virtualhome_eval.simulation.evolving_graph.eval_utils - CURRENT TASK IS Put groceries in Fridge!
2025-06-24 17:07:50 - virtualhome_eval.simulation.evolving_graph.eval_utils - CURRENT TASK IS Go to toilet!
2025-06-24 17:07:50 - virtualhome_eval.simulation.evolving_graph.eval_utils - CURRENT TASK IS Change TV channel!
2025-06-24 17:07:50 - virtualhome_eval.simulation.evolving_graph.eval_utils - CURRENT TASK IS Work!
2025-06-24 17:07:50 - virtualhome_eval.simulation.evolving_graph.eval_utils - CURRENT TASK IS Wash dishes with dishwasher!
2025-06-24 17:07:50 - virtualhome_eval.simulation.evolving_graph.eval_utils - CURRENT TASK IS Go to sleep!
2025-06-24 17:07:50 - virtualhome_eval.simulation.evolving_graph.eval_utils - CURRENT TASK IS Wash hands!
2025-06-24 17:07:50 - virtualhome_eval.simulation.evolving_graph.eval_utils - CURRENT TASK IS Pet cat!
2025-06-24 17:07:50 - virtualhome_eval.simulation.evolving_graph.eval_utils - CURRENT TASK IS Browse internet!
2025-06-24 17:07:50 - virtualhome_eval.simulation.evolving_graph.eval_utils - CURRENT TASK IS Wash teeth!
2025-06-24 17:07:50 - virtualhome_eval.simulation.evolving_graph.eval_utils - CURRENT TASK IS Listen to music!
2025-06-24 17:07:50 - virtualhome_eval.simulation.evolving_graph.eval_utils - CURRENT TASK IS Watch TV!
2025-06-24 17:07:50 - virtualhome_eval.simulation.evolving_graph.eval_utils - CURRENT TASK IS Drink!
2025-06-24 17:07:50 - virtualhome_eval.simulation.evolving_graph.eval_utils - CURRENT TASK IS Read book!
2025-06-24 17:07:50 - virtualhome_eval.simulation.evolving_graph.eval_utils - CURRENT TASK IS Cook some food!
2025-06-24 17:07:50 - virtualhome_eval.simulation.evolving_graph.eval_utils - CURRENT TASK IS Relax on sofa!
2025-06-24 17:07:50 - virtualhome_eval.simulation.evolving_graph.eval_utils - CURRENT TASK IS Pick up phone!
2025-06-24 17:07:50 - virtualhome_eval.simulation.evolving_graph.eval_utils - CURRENT TASK IS Make coffee!
2025-06-24 17:07:50 - virtualhome_eval.simulation.evolving_graph.eval_utils - CURRENT TASK IS Set up table!
2025-06-24 17:07:50 - virtualhome_eval.simulation.evolving_graph.eval_utils - CURRENT TASK IS Get some water!
2025-06-24 17:07:50 - virtualhome_eval.simulation.evolving_graph.eval_utils - CURRENT TASK IS Take shower!
2025-06-24 17:07:50 - virtualhome_eval.simulation.evolving_graph.eval_utils - CURRENT TASK IS Wash dishes by hand!
