2025-06-18 11:13:38 - virtualhome_eval.simulation.evolving_graph.eval_utils - CURRENT TASK IS Wash clothes!
2025-06-18 11:13:38 - virtualhome_eval.simulation.evolving_graph.eval_utils - CURRENT TASK IS Turn on light!
2025-06-18 11:13:41 - virtualhome_eval.simulation.evolving_graph.eval_utils - CURRENT TASK IS Brush teeth!
2025-06-18 11:13:41 - virtualhome_eval.simulation.evolving_graph.eval_utils - CURRENT TASK IS Write an email!
2025-06-18 11:13:42 - virtualhome_eval.simulation.evolving_graph.eval_utils - CURRENT TASK IS Put groceries in Fridge!
2025-06-18 11:13:43 - virtualhome_eval.simulation.evolving_graph.eval_utils - CURRENT TASK IS Go to toilet!
2025-06-18 11:13:43 - virtualhome_eval.simulation.evolving_graph.eval_utils - CURRENT TASK IS Change TV channel!
2025-06-18 11:13:44 - virtualhome_eval.simulation.evolving_graph.eval_utils - CURRENT TASK IS Work!
2025-06-18 11:13:46 - virtualhome_eval.simulation.evolving_graph.eval_utils - CURRENT TASK IS Wash dishes with dishwasher!
2025-06-18 11:13:48 - virtualhome_eval.simulation.evolving_graph.eval_utils - CURRENT TASK IS Go to sleep!
2025-06-18 11:13:48 - virtualhome_eval.simulation.evolving_graph.eval_utils - CURRENT TASK IS Wash hands!
2025-06-18 11:13:50 - virtualhome_eval.simulation.evolving_graph.eval_utils - CURRENT TASK IS Pet cat!
2025-06-18 11:13:52 - virtualhome_eval.simulation.evolving_graph.eval_utils - CURRENT TASK IS Browse internet!
2025-06-18 11:13:53 - virtualhome_eval.simulation.evolving_graph.eval_utils - CURRENT TASK IS Wash teeth!
2025-06-18 11:13:53 - virtualhome_eval.simulation.evolving_graph.eval_utils - CURRENT TASK IS Listen to music!
2025-06-18 11:13:55 - virtualhome_eval.simulation.evolving_graph.eval_utils - CURRENT TASK IS Watch TV!
2025-06-18 11:13:57 - virtualhome_eval.simulation.evolving_graph.eval_utils - CURRENT TASK IS Drink!
2025-06-18 11:13:59 - virtualhome_eval.simulation.evolving_graph.eval_utils - CURRENT TASK IS Read book!
2025-06-18 11:14:01 - virtualhome_eval.simulation.evolving_graph.eval_utils - CURRENT TASK IS Cook some food!
2025-06-18 11:14:01 - virtualhome_eval.simulation.evolving_graph.eval_utils - CURRENT TASK IS Relax on sofa!
2025-06-18 11:14:04 - virtualhome_eval.simulation.evolving_graph.eval_utils - CURRENT TASK IS Pick up phone!
2025-06-18 11:14:07 - virtualhome_eval.simulation.evolving_graph.eval_utils - CURRENT TASK IS Make coffee!
2025-06-18 11:14:07 - virtualhome_eval.simulation.evolving_graph.eval_utils - CURRENT TASK IS Set up table!
2025-06-18 11:14:07 - virtualhome_eval.simulation.evolving_graph.eval_utils - CURRENT TASK IS Get some water!
2025-06-18 11:14:08 - virtualhome_eval.simulation.evolving_graph.eval_utils - CURRENT TASK IS Take shower!
2025-06-18 11:14:08 - virtualhome_eval.simulation.evolving_graph.eval_utils - CURRENT TASK IS Wash dishes by hand!
