2025-06-24 21:52:30 - virtualhome_eval.evaluation.transition_modeling.scripts.generate_prompts - task name is Wash clothes
2025-06-24 21:52:30 - virtualhome_eval.evaluation.transition_modeling.scripts.generate_prompts - task name is Turn on light
2025-06-24 21:52:30 - virtualhome_eval.evaluation.transition_modeling.scripts.generate_prompts - task name is Brush teeth
2025-06-24 21:52:30 - virtualhome_eval.evaluation.transition_modeling.scripts.generate_prompts - task name is Put groceries in Fridge
2025-06-24 21:52:30 - virtualhome_eval.evaluation.transition_modeling.scripts.generate_prompts - task name is Go to toilet
2025-06-24 21:52:30 - virtualhome_eval.evaluation.transition_modeling.scripts.generate_prompts - task name is Change TV channel
2025-06-24 21:52:30 - virtualhome_eval.evaluation.transition_modeling.scripts.generate_prompts - task name is Work
2025-06-24 21:52:30 - virtualhome_eval.evaluation.transition_modeling.scripts.generate_prompts - task name is Wash dishes with dishwasher
2025-06-24 21:52:30 - virtualhome_eval.evaluation.transition_modeling.scripts.generate_prompts - task name is Go to sleep
2025-06-24 21:52:30 - virtualhome_eval.evaluation.transition_modeling.scripts.generate_prompts - task name is Pet cat
2025-06-24 21:52:30 - virtualhome_eval.evaluation.transition_modeling.scripts.generate_prompts - task name is Browse internet
2025-06-24 21:52:30 - virtualhome_eval.evaluation.transition_modeling.scripts.generate_prompts - task name is Wash teeth
2025-06-24 21:52:30 - virtualhome_eval.evaluation.transition_modeling.scripts.generate_prompts - task name is Listen to music
2025-06-24 21:52:30 - virtualhome_eval.evaluation.transition_modeling.scripts.generate_prompts - task name is Watch TV
2025-06-24 21:52:30 - virtualhome_eval.evaluation.transition_modeling.scripts.generate_prompts - task name is Drink
2025-06-24 21:52:30 - virtualhome_eval.evaluation.transition_modeling.scripts.generate_prompts - task name is Read book
2025-06-24 21:52:30 - virtualhome_eval.evaluation.transition_modeling.scripts.generate_prompts - task name is Cook some food
2025-06-24 21:52:30 - virtualhome_eval.evaluation.transition_modeling.scripts.generate_prompts - task name is Relax on sofa
2025-06-24 21:52:30 - virtualhome_eval.evaluation.transition_modeling.scripts.generate_prompts - task name is Pick up phone
2025-06-24 21:52:30 - virtualhome_eval.evaluation.transition_modeling.scripts.generate_prompts - task name is Make coffee
2025-06-24 21:52:30 - virtualhome_eval.evaluation.transition_modeling.scripts.generate_prompts - task name is Set up table
2025-06-24 21:52:30 - virtualhome_eval.evaluation.transition_modeling.scripts.generate_prompts - task name is Get some water
2025-06-24 21:52:30 - virtualhome_eval.evaluation.transition_modeling.scripts.generate_prompts - task name is Take shower
